
17:47:28> UAV is inializing. Please wait...
17:47:30> [OK] UAV is now initialized.
17:48:17> Robot detected ! 
17:48:22> Robot detected ! 
17:48:22> Robot detected ! 
17:48:38> Robot detected ! 
17:49:07> Robot detected ! 
17:51:33> UAV is inializing. Please wait...
17:51:35> [OK] UAV is now initialized.
17:51:35> [OK] UAV is now initialized.
17:51:58> Robot detected ! 
17:51:58> Robot detected ! 
17:52:07> Robot is going left
17:52:09> Robot is now stopping
17:52:10> Robot detected ! 
17:55:10> UAV is inializing. Please wait...
17:55:12> [OK] UAV is now initialized.
17:56:39> UAV is inializing. Please wait...
17:56:41> [OK] UAV is now initialized.
17:57:04> UAV is inializing. Please wait...
17:57:06> [OK] UAV is now initialized.
17:57:45> UAV is inializing. Please wait...
17:57:48> [OK] UAV is now initialized.
17:59:59> UAV is inializing. Please wait...
18:00:01> [OK] UAV is now initialized.
18:01:17> UAV is inializing. Please wait...
18:01:19> [OK] UAV is now initialized.